[ 2015-02-05T18:30:43+08:00 ] 192.168.1.30 /yms/index.php/Home/Query/query_yrz_hf/parent_id/34/uId/1
INFO: [ app_init ] --START--
INFO: Run Behavior\BuildLiteBehavior [ RunTime:0.000022s ]
INFO: [ app_init ] --END-- [ RunTime:0.000614s ]
INFO: [ app_begin ] --START--
INFO: Run Behavior\ReadHtmlCacheBehavior [ RunTime:0.000949s ]
INFO: [ app_begin ] --END-- [ RunTime:0.001035s ]
NOTIC: [8] Undefined variable: header C:\wamp\www\yms\App\Home\Controller\CallapiController.class.php 第 52 行.
NOTIC: [2] curl_setopt() [<a href='function.curl-setopt'>function.curl-setopt</a>]: You must pass either an object or an array with the CURLOPT_HTTPHEADER, CURLOPT_QUOTE, CURLOPT_HTTP200ALIASES and CURLOPT_POSTQUOTE arguments C:\wamp\www\yms\App\Home\Controller\CallapiController.class.php 第 84 行.
INFO: [ app_end ] --START--
INFO: Run Behavior\ShowPageTraceBehavior [ RunTime:0.001193s ]
INFO: [ app_end ] --END-- [ RunTime:0.001308s ]

[ 2015-02-05T18:30:43+08:00 ] 192.168.1.30 /yms/index.php/Home/Query/query_yrz_hf/parent_id/35/uId/1
INFO: [ app_init ] --START--
INFO: Run Behavior\BuildLiteBehavior [ RunTime:0.000022s ]
INFO: [ app_init ] --END-- [ RunTime:0.000558s ]
INFO: [ app_begin ] --START--
INFO: Run Behavior\ReadHtmlCacheBehavior [ RunTime:0.002747s ]
INFO: [ app_begin ] --END-- [ RunTime:0.002844s ]
NOTIC: [8] Undefined variable: header C:\wamp\www\yms\App\Home\Controller\CallapiController.class.php 第 52 行.
NOTIC: [2] curl_setopt() [<a href='function.curl-setopt'>function.curl-setopt</a>]: You must pass either an object or an array with the CURLOPT_HTTPHEADER, CURLOPT_QUOTE, CURLOPT_HTTP200ALIASES and CURLOPT_POSTQUOTE arguments C:\wamp\www\yms\App\Home\Controller\CallapiController.class.php 第 84 行.
INFO: [ app_end ] --START--
INFO: Run Behavior\ShowPageTraceBehavior [ RunTime:0.007035s ]
INFO: [ app_end ] --END-- [ RunTime:0.007159s ]

[ 2015-02-05T18:30:43+08:00 ] 192.168.1.30 /yms/index.php/Home/Query/query_yrz_hf/parent_id/8/uId/1
INFO: [ app_init ] --START--
INFO: Run Behavior\BuildLiteBehavior [ RunTime:0.000022s ]
INFO: [ app_init ] --END-- [ RunTime:0.000620s ]
INFO: [ app_begin ] --START--
INFO: Run Behavior\ReadHtmlCacheBehavior [ RunTime:0.000935s ]
INFO: [ app_begin ] --END-- [ RunTime:0.001019s ]
NOTIC: [8] Undefined variable: header C:\wamp\www\yms\App\Home\Controller\CallapiController.class.php 第 52 行.
NOTIC: [2] curl_setopt() [<a href='function.curl-setopt'>function.curl-setopt</a>]: You must pass either an object or an array with the CURLOPT_HTTPHEADER, CURLOPT_QUOTE, CURLOPT_HTTP200ALIASES and CURLOPT_POSTQUOTE arguments C:\wamp\www\yms\App\Home\Controller\CallapiController.class.php 第 84 行.
INFO: [ app_end ] --START--
INFO: Run Behavior\ShowPageTraceBehavior [ RunTime:0.001211s ]
INFO: [ app_end ] --END-- [ RunTime:0.001332s ]

[ 2015-02-05T18:30:44+08:00 ] 192.168.1.30 /yms/index.php/Home/Query/query_yrz_hf/parent_id/12/uId/1
INFO: [ app_init ] --START--
INFO: Run Behavior\BuildLiteBehavior [ RunTime:0.000022s ]
INFO: [ app_init ] --END-- [ RunTime:0.000639s ]
INFO: [ app_begin ] --START--
INFO: Run Behavior\ReadHtmlCacheBehavior [ RunTime:0.001044s ]
INFO: [ app_begin ] --END-- [ RunTime:0.001163s ]
NOTIC: [8] Undefined variable: header C:\wamp\www\yms\App\Home\Controller\CallapiController.class.php 第 52 行.
NOTIC: [2] curl_setopt() [<a href='function.curl-setopt'>function.curl-setopt</a>]: You must pass either an object or an array with the CURLOPT_HTTPHEADER, CURLOPT_QUOTE, CURLOPT_HTTP200ALIASES and CURLOPT_POSTQUOTE arguments C:\wamp\www\yms\App\Home\Controller\CallapiController.class.php 第 84 行.
INFO: [ app_end ] --START--
INFO: Run Behavior\ShowPageTraceBehavior [ RunTime:0.001193s ]
INFO: [ app_end ] --END-- [ RunTime:0.001304s ]

[ 2015-02-05T18:30:44+08:00 ] 192.168.1.30 /yms/index.php/Home/Query/query_yrz_hf/parent_id/6/uId/1
INFO: [ app_init ] --START--
INFO: Run Behavior\BuildLiteBehavior [ RunTime:0.000019s ]
INFO: [ app_init ] --END-- [ RunTime:0.000521s ]
INFO: [ app_begin ] --START--
INFO: Run Behavior\ReadHtmlCacheBehavior [ RunTime:0.000735s ]
INFO: [ app_begin ] --END-- [ RunTime:0.000814s ]
NOTIC: [8] Undefined variable: header C:\wamp\www\yms\App\Home\Controller\CallapiController.class.php 第 52 行.
NOTIC: [2] curl_setopt() [<a href='function.curl-setopt'>function.curl-setopt</a>]: You must pass either an object or an array with the CURLOPT_HTTPHEADER, CURLOPT_QUOTE, CURLOPT_HTTP200ALIASES and CURLOPT_POSTQUOTE arguments C:\wamp\www\yms\App\Home\Controller\CallapiController.class.php 第 84 行.
INFO: [ app_end ] --START--
INFO: Run Behavior\ShowPageTraceBehavior [ RunTime:0.001020s ]
INFO: [ app_end ] --END-- [ RunTime:0.001129s ]

[ 2015-02-05T18:30:44+08:00 ] 192.168.1.30 /yms/index.php/Home/Query/query_yrz_hf/parent_id/5/uId/1
INFO: [ app_init ] --START--
INFO: Run Behavior\BuildLiteBehavior [ RunTime:0.000025s ]
INFO: [ app_init ] --END-- [ RunTime:0.000636s ]
INFO: [ app_begin ] --START--
INFO: Run Behavior\ReadHtmlCacheBehavior [ RunTime:0.000906s ]
INFO: [ app_begin ] --END-- [ RunTime:0.001002s ]
NOTIC: [8] Undefined variable: header C:\wamp\www\yms\App\Home\Controller\CallapiController.class.php 第 52 行.
NOTIC: [2] curl_setopt() [<a href='function.curl-setopt'>function.curl-setopt</a>]: You must pass either an object or an array with the CURLOPT_HTTPHEADER, CURLOPT_QUOTE, CURLOPT_HTTP200ALIASES and CURLOPT_POSTQUOTE arguments C:\wamp\www\yms\App\Home\Controller\CallapiController.class.php 第 84 行.
INFO: [ app_end ] --START--
INFO: Run Behavior\ShowPageTraceBehavior [ RunTime:0.001055s ]
INFO: [ app_end ] --END-- [ RunTime:0.001171s ]

[ 2015-02-05T18:30:44+08:00 ] 192.168.1.30 /yms/index.php/Home/Query/query_yrz_hf/parent_id/4/uId/1
INFO: [ app_init ] --START--
INFO: Run Behavior\BuildLiteBehavior [ RunTime:0.000023s ]
INFO: [ app_init ] --END-- [ RunTime:0.000719s ]
INFO: [ app_begin ] --START--
INFO: Run Behavior\ReadHtmlCacheBehavior [ RunTime:0.000966s ]
INFO: [ app_begin ] --END-- [ RunTime:0.001051s ]
NOTIC: [8] Undefined variable: header C:\wamp\www\yms\App\Home\Controller\CallapiController.class.php 第 52 行.
NOTIC: [2] curl_setopt() [<a href='function.curl-setopt'>function.curl-setopt</a>]: You must pass either an object or an array with the CURLOPT_HTTPHEADER, CURLOPT_QUOTE, CURLOPT_HTTP200ALIASES and CURLOPT_POSTQUOTE arguments C:\wamp\www\yms\App\Home\Controller\CallapiController.class.php 第 84 行.
INFO: [ app_end ] --START--
INFO: Run Behavior\ShowPageTraceBehavior [ RunTime:0.001187s ]
INFO: [ app_end ] --END-- [ RunTime:0.001304s ]

[ 2015-02-05T18:30:44+08:00 ] 192.168.1.30 /yms/index.php/Home/Query/query_yrz_hf/parent_id/3/uId/1
INFO: [ app_init ] --START--
INFO: Run Behavior\BuildLiteBehavior [ RunTime:0.000024s ]
INFO: [ app_init ] --END-- [ RunTime:0.000638s ]
INFO: [ app_begin ] --START--
INFO: Run Behavior\ReadHtmlCacheBehavior [ RunTime:0.000929s ]
INFO: [ app_begin ] --END-- [ RunTime:0.001028s ]
NOTIC: [8] Undefined variable: header C:\wamp\www\yms\App\Home\Controller\CallapiController.class.php 第 52 行.
NOTIC: [2] curl_setopt() [<a href='function.curl-setopt'>function.curl-setopt</a>]: You must pass either an object or an array with the CURLOPT_HTTPHEADER, CURLOPT_QUOTE, CURLOPT_HTTP200ALIASES and CURLOPT_POSTQUOTE arguments C:\wamp\www\yms\App\Home\Controller\CallapiController.class.php 第 84 行.
INFO: [ app_end ] --START--
INFO: Run Behavior\ShowPageTraceBehavior [ RunTime:0.001056s ]
INFO: [ app_end ] --END-- [ RunTime:0.001174s ]

[ 2015-02-05T18:30:44+08:00 ] 192.168.1.30 /yms/index.php/Home/Query/query_yrz_hf/parent_id/2/uId/1
INFO: [ app_init ] --START--
INFO: Run Behavior\BuildLiteBehavior [ RunTime:0.000024s ]
INFO: [ app_init ] --END-- [ RunTime:0.000626s ]
INFO: [ app_begin ] --START--
INFO: Run Behavior\ReadHtmlCacheBehavior [ RunTime:0.000910s ]
INFO: [ app_begin ] --END-- [ RunTime:0.001008s ]
NOTIC: [8] Undefined variable: header C:\wamp\www\yms\App\Home\Controller\CallapiController.class.php 第 52 行.
NOTIC: [2] curl_setopt() [<a href='function.curl-setopt'>function.curl-setopt</a>]: You must pass either an object or an array with the CURLOPT_HTTPHEADER, CURLOPT_QUOTE, CURLOPT_HTTP200ALIASES and CURLOPT_POSTQUOTE arguments C:\wamp\www\yms\App\Home\Controller\CallapiController.class.php 第 84 行.
INFO: [ app_end ] --START--
INFO: Run Behavior\ShowPageTraceBehavior [ RunTime:0.001059s ]
INFO: [ app_end ] --END-- [ RunTime:0.001177s ]

[ 2015-02-05T18:30:44+08:00 ] 192.168.1.30 /yms/index.php/Home/Query/query_wybg_hf/exposal_id/7
INFO: [ app_init ] --START--
INFO: Run Behavior\BuildLiteBehavior [ RunTime:0.000021s ]
INFO: [ app_init ] --END-- [ RunTime:0.000627s ]
INFO: [ app_begin ] --START--
INFO: Run Behavior\ReadHtmlCacheBehavior [ RunTime:0.004127s ]
INFO: [ app_begin ] --END-- [ RunTime:0.004229s ]
NOTIC: [8] Undefined variable: header C:\wamp\www\yms\App\Home\Controller\CallapiController.class.php 第 52 行.
NOTIC: [2] curl_setopt() [<a href='function.curl-setopt'>function.curl-setopt</a>]: You must pass either an object or an array with the CURLOPT_HTTPHEADER, CURLOPT_QUOTE, CURLOPT_HTTP200ALIASES and CURLOPT_POSTQUOTE arguments C:\wamp\www\yms\App\Home\Controller\CallapiController.class.php 第 84 行.
INFO: [ app_end ] --START--
INFO: Run Behavior\ShowPageTraceBehavior [ RunTime:0.001322s ]
INFO: [ app_end ] --END-- [ RunTime:0.001441s ]

[ 2015-02-05T18:30:44+08:00 ] 192.168.1.30 /yms/index.php/Home/Query/query_wybg_hf/exposal_id/3
INFO: [ app_init ] --START--
INFO: Run Behavior\BuildLiteBehavior [ RunTime:0.000021s ]
INFO: [ app_init ] --END-- [ RunTime:0.000575s ]
INFO: [ app_begin ] --START--
INFO: Run Behavior\ReadHtmlCacheBehavior [ RunTime:0.000831s ]
INFO: [ app_begin ] --END-- [ RunTime:0.000913s ]
NOTIC: [8] Undefined variable: header C:\wamp\www\yms\App\Home\Controller\CallapiController.class.php 第 52 行.
NOTIC: [2] curl_setopt() [<a href='function.curl-setopt'>function.curl-setopt</a>]: You must pass either an object or an array with the CURLOPT_HTTPHEADER, CURLOPT_QUOTE, CURLOPT_HTTP200ALIASES and CURLOPT_POSTQUOTE arguments C:\wamp\www\yms\App\Home\Controller\CallapiController.class.php 第 84 行.
INFO: [ app_end ] --START--
INFO: Run Behavior\ShowPageTraceBehavior [ RunTime:0.001065s ]
INFO: [ app_end ] --END-- [ RunTime:0.001182s ]

[ 2015-02-05T18:30:45+08:00 ] 192.168.1.30 /yms/index.php/Home/Query/query_wybg_hf/exposal_id/2
INFO: [ app_init ] --START--
INFO: Run Behavior\BuildLiteBehavior [ RunTime:0.000025s ]
INFO: [ app_init ] --END-- [ RunTime:0.000702s ]
INFO: [ app_begin ] --START--
INFO: Run Behavior\ReadHtmlCacheBehavior [ RunTime:0.000895s ]
INFO: [ app_begin ] --END-- [ RunTime:0.000992s ]
NOTIC: [8] Undefined variable: header C:\wamp\www\yms\App\Home\Controller\CallapiController.class.php 第 52 行.
NOTIC: [2] curl_setopt() [<a href='function.curl-setopt'>function.curl-setopt</a>]: You must pass either an object or an array with the CURLOPT_HTTPHEADER, CURLOPT_QUOTE, CURLOPT_HTTP200ALIASES and CURLOPT_POSTQUOTE arguments C:\wamp\www\yms\App\Home\Controller\CallapiController.class.php 第 84 行.
INFO: [ app_end ] --START--
INFO: Run Behavior\ShowPageTraceBehavior [ RunTime:0.000945s ]
INFO: [ app_end ] --END-- [ RunTime:0.001060s ]

[ 2015-02-05T18:30:45+08:00 ] 192.168.1.30 /yms/index.php/Home/Query/query_wybg_hf/exposal_id/1
INFO: [ app_init ] --START--
INFO: Run Behavior\BuildLiteBehavior [ RunTime:0.000023s ]
INFO: [ app_init ] --END-- [ RunTime:0.000641s ]
INFO: [ app_begin ] --START--
INFO: Run Behavior\ReadHtmlCacheBehavior [ RunTime:0.000919s ]
INFO: [ app_begin ] --END-- [ RunTime:0.001012s ]
NOTIC: [8] Undefined variable: header C:\wamp\www\yms\App\Home\Controller\CallapiController.class.php 第 52 行.
NOTIC: [2] curl_setopt() [<a href='function.curl-setopt'>function.curl-setopt</a>]: You must pass either an object or an array with the CURLOPT_HTTPHEADER, CURLOPT_QUOTE, CURLOPT_HTTP200ALIASES and CURLOPT_POSTQUOTE arguments C:\wamp\www\yms\App\Home\Controller\CallapiController.class.php 第 84 行.
INFO: [ app_end ] --START--
INFO: Run Behavior\ShowPageTraceBehavior [ RunTime:0.001116s ]
INFO: [ app_end ] --END-- [ RunTime:0.001234s ]

[ 2015-02-05T18:30:46+08:00 ] 192.168.1.30 /yms/index.php/Home/Query/query_hpt/resid/1/p/undefined
INFO: [ app_init ] --START--
INFO: Run Behavior\BuildLiteBehavior [ RunTime:0.000022s ]
INFO: [ app_init ] --END-- [ RunTime:0.000571s ]
INFO: [ app_begin ] --START--
INFO: Run Behavior\ReadHtmlCacheBehavior [ RunTime:0.000954s ]
INFO: [ app_begin ] --END-- [ RunTime:0.001055s ]
NOTIC: [8] Undefined variable: header C:\wamp\www\yms\App\Home\Controller\CallapiController.class.php 第 52 行.
NOTIC: [2] curl_setopt() [<a href='function.curl-setopt'>function.curl-setopt</a>]: You must pass either an object or an array with the CURLOPT_HTTPHEADER, CURLOPT_QUOTE, CURLOPT_HTTP200ALIASES and CURLOPT_POSTQUOTE arguments C:\wamp\www\yms\App\Home\Controller\CallapiController.class.php 第 84 行.
NOTIC: [8] Undefined variable: header C:\wamp\www\yms\App\Home\Controller\CallapiController.class.php 第 52 行.
NOTIC: [2] curl_setopt() [<a href='function.curl-setopt'>function.curl-setopt</a>]: You must pass either an object or an array with the CURLOPT_HTTPHEADER, CURLOPT_QUOTE, CURLOPT_HTTP200ALIASES and CURLOPT_POSTQUOTE arguments C:\wamp\www\yms\App\Home\Controller\CallapiController.class.php 第 84 行.
NOTIC: [8] Undefined variable: header C:\wamp\www\yms\App\Home\Controller\CallapiController.class.php 第 52 行.
NOTIC: [2] curl_setopt() [<a href='function.curl-setopt'>function.curl-setopt</a>]: You must pass either an object or an array with the CURLOPT_HTTPHEADER, CURLOPT_QUOTE, CURLOPT_HTTP200ALIASES and CURLOPT_POSTQUOTE arguments C:\wamp\www\yms\App\Home\Controller\CallapiController.class.php 第 84 行.
NOTIC: [8] Undefined variable: header C:\wamp\www\yms\App\Home\Controller\CallapiController.class.php 第 52 行.
NOTIC: [2] curl_setopt() [<a href='function.curl-setopt'>function.curl-setopt</a>]: You must pass either an object or an array with the CURLOPT_HTTPHEADER, CURLOPT_QUOTE, CURLOPT_HTTP200ALIASES and CURLOPT_POSTQUOTE arguments C:\wamp\www\yms\App\Home\Controller\CallapiController.class.php 第 84 行.
NOTIC: [8] Undefined variable: page_count C:\wamp\www\yms\App\Home\Controller\BaseController.class.php 第 73 行.
NOTIC: [8] Undefined variable: header C:\wamp\www\yms\App\Home\Controller\CallapiController.class.php 第 52 行.
NOTIC: [2] curl_setopt() [<a href='function.curl-setopt'>function.curl-setopt</a>]: You must pass either an object or an array with the CURLOPT_HTTPHEADER, CURLOPT_QUOTE, CURLOPT_HTTP200ALIASES and CURLOPT_POSTQUOTE arguments C:\wamp\www\yms\App\Home\Controller\CallapiController.class.php 第 84 行.
NOTIC: [8] Undefined variable: page_count C:\wamp\www\yms\App\Home\Controller\BaseController.class.php 第 82 行.
INFO: [ view_parse ] --START--
INFO: [ template_filter ] --START--
INFO: Run Behavior\ContentReplaceBehavior [ RunTime:0.000633s ]
INFO: [ template_filter ] --END-- [ RunTime:0.000729s ]
NOTIC: [8] Undefined index: regulators_id_n C:\wamp\www\yms\App\Runtime\Cache\Home\729d234efe720fab9e3011f52e3b6c90.php 第 241 行.
NOTIC: [8] Undefined index: is_anonymous C:\wamp\www\yms\App\Runtime\Cache\Home\729d234efe720fab9e3011f52e3b6c90.php 第 362 行.
NOTIC: [8] Undefined index: is_anonymous C:\wamp\www\yms\App\Runtime\Cache\Home\729d234efe720fab9e3011f52e3b6c90.php 第 362 行.
NOTIC: [8] Undefined index: is_anonymous C:\wamp\www\yms\App\Runtime\Cache\Home\729d234efe720fab9e3011f52e3b6c90.php 第 362 行.
NOTIC: [8] Undefined index: is_anonymous C:\wamp\www\yms\App\Runtime\Cache\Home\729d234efe720fab9e3011f52e3b6c90.php 第 362 行.
INFO: Run Behavior\ParseTemplateBehavior [ RunTime:0.055882s ]
INFO: [ view_parse ] --END-- [ RunTime:0.055983s ]
INFO: [ view_filter ] --START--
INFO: Run Behavior\WriteHtmlCacheBehavior [ RunTime:0.000530s ]
INFO: [ view_filter ] --END-- [ RunTime:0.000615s ]
INFO: [ app_end ] --START--
INFO: Run Behavior\ShowPageTraceBehavior [ RunTime:0.000932s ]
INFO: [ app_end ] --END-- [ RunTime:0.001021s ]

[ 2015-02-05T18:30:47+08:00 ] 192.168.1.30 /yms/index.php/Home/Index/search_ex/search_name/monica_%E8%AE%A4%E8%AF%81/usaa/2231
INFO: [ app_init ] --START--
INFO: Run Behavior\BuildLiteBehavior [ RunTime:0.000025s ]
INFO: [ app_init ] --END-- [ RunTime:0.000753s ]
INFO: [ app_begin ] --START--
INFO: Run Behavior\ReadHtmlCacheBehavior [ RunTime:0.001010s ]
INFO: [ app_begin ] --END-- [ RunTime:0.001110s ]
NOTIC: [8] Undefined variable: header C:\wamp\www\yms\App\Home\Controller\CallapiController.class.php 第 52 行.
NOTIC: [2] curl_setopt() [<a href='function.curl-setopt'>function.curl-setopt</a>]: You must pass either an object or an array with the CURLOPT_HTTPHEADER, CURLOPT_QUOTE, CURLOPT_HTTP200ALIASES and CURLOPT_POSTQUOTE arguments C:\wamp\www\yms\App\Home\Controller\CallapiController.class.php 第 84 行.
INFO: [ app_end ] --START--
INFO: Run Behavior\ShowPageTraceBehavior [ RunTime:0.001145s ]
INFO: [ app_end ] --END-- [ RunTime:0.001269s ]

[ 2015-02-05T18:30:47+08:00 ] 192.168.1.30 /yms/index.php/Home/Query/query_yrz/resid/2/p/1
INFO: [ app_init ] --START--
INFO: Run Behavior\BuildLiteBehavior [ RunTime:0.000022s ]
INFO: [ app_init ] --END-- [ RunTime:0.000683s ]
INFO: [ app_begin ] --START--
INFO: Run Behavior\ReadHtmlCacheBehavior [ RunTime:0.000851s ]
INFO: [ app_begin ] --END-- [ RunTime:0.000945s ]
NOTIC: [8] Undefined variable: header C:\wamp\www\yms\App\Home\Controller\CallapiController.class.php 第 52 行.
NOTIC: [2] curl_setopt() [<a href='function.curl-setopt'>function.curl-setopt</a>]: You must pass either an object or an array with the CURLOPT_HTTPHEADER, CURLOPT_QUOTE, CURLOPT_HTTP200ALIASES and CURLOPT_POSTQUOTE arguments C:\wamp\www\yms\App\Home\Controller\CallapiController.class.php 第 84 行.
NOTIC: [8] Undefined variable: header C:\wamp\www\yms\App\Home\Controller\CallapiController.class.php 第 52 行.
NOTIC: [2] curl_setopt() [<a href='function.curl-setopt'>function.curl-setopt</a>]: You must pass either an object or an array with the CURLOPT_HTTPHEADER, CURLOPT_QUOTE, CURLOPT_HTTP200ALIASES and CURLOPT_POSTQUOTE arguments C:\wamp\www\yms\App\Home\Controller\CallapiController.class.php 第 84 行.
NOTIC: [8] Undefined variable: header C:\wamp\www\yms\App\Home\Controller\CallapiController.class.php 第 52 行.
NOTIC: [2] curl_setopt() [<a href='function.curl-setopt'>function.curl-setopt</a>]: You must pass either an object or an array with the CURLOPT_HTTPHEADER, CURLOPT_QUOTE, CURLOPT_HTTP200ALIASES and CURLOPT_POSTQUOTE arguments C:\wamp\www\yms\App\Home\Controller\CallapiController.class.php 第 84 行.
NOTIC: [8] Undefined variable: header C:\wamp\www\yms\App\Home\Controller\CallapiController.class.php 第 52 行.
NOTIC: [2] curl_setopt() [<a href='function.curl-setopt'>function.curl-setopt</a>]: You must pass either an object or an array with the CURLOPT_HTTPHEADER, CURLOPT_QUOTE, CURLOPT_HTTP200ALIASES and CURLOPT_POSTQUOTE arguments C:\wamp\www\yms\App\Home\Controller\CallapiController.class.php 第 84 行.
NOTIC: [8] Undefined variable: page_count C:\wamp\www\yms\App\Home\Controller\BaseController.class.php 第 73 行.
INFO: [ view_parse ] --START--
INFO: [ template_filter ] --START--
INFO: Run Behavior\ContentReplaceBehavior [ RunTime:0.000598s ]
INFO: [ template_filter ] --END-- [ RunTime:0.000710s ]
NOTIC: [8] Undefined index: regulators_id_n C:\wamp\www\yms\App\Runtime\Cache\Home\1f2b1a5d5d219911818adb426540bba7.php 第 238 行.
INFO: Run Behavior\ParseTemplateBehavior [ RunTime:0.046429s ]
INFO: [ view_parse ] --END-- [ RunTime:0.046528s ]
INFO: [ view_filter ] --START--
INFO: Run Behavior\WriteHtmlCacheBehavior [ RunTime:0.000398s ]
INFO: [ view_filter ] --END-- [ RunTime:0.000485s ]
INFO: [ app_end ] --START--
INFO: Run Behavior\ShowPageTraceBehavior [ RunTime:0.000825s ]
INFO: [ app_end ] --END-- [ RunTime:0.000911s ]

[ 2015-02-05T18:30:48+08:00 ] 192.168.1.30 /yms/index.php/Home/Query/query_yrz_hf/parent_id/33/uId/2
INFO: [ app_init ] --START--
INFO: Run Behavior\BuildLiteBehavior [ RunTime:0.000020s ]
INFO: [ app_init ] --END-- [ RunTime:0.000552s ]
INFO: [ app_begin ] --START--
INFO: Run Behavior\ReadHtmlCacheBehavior [ RunTime:0.000802s ]
INFO: [ app_begin ] --END-- [ RunTime:0.000885s ]
NOTIC: [8] Undefined variable: header C:\wamp\www\yms\App\Home\Controller\CallapiController.class.php 第 52 行.
NOTIC: [2] curl_setopt() [<a href='function.curl-setopt'>function.curl-setopt</a>]: You must pass either an object or an array with the CURLOPT_HTTPHEADER, CURLOPT_QUOTE, CURLOPT_HTTP200ALIASES and CURLOPT_POSTQUOTE arguments C:\wamp\www\yms\App\Home\Controller\CallapiController.class.php 第 84 行.
INFO: [ app_end ] --START--
INFO: Run Behavior\ShowPageTraceBehavior [ RunTime:0.000949s ]
INFO: [ app_end ] --END-- [ RunTime:0.001074s ]

[ 2015-02-05T18:30:48+08:00 ] 192.168.1.30 /yms/index.php/Home/Query/verify_c
INFO: [ app_init ] --START--
INFO: Run Behavior\BuildLiteBehavior [ RunTime:0.000022s ]
INFO: [ app_init ] --END-- [ RunTime:0.000569s ]
INFO: [ app_begin ] --START--
INFO: Run Behavior\ReadHtmlCacheBehavior [ RunTime:0.000823s ]
INFO: [ app_begin ] --END-- [ RunTime:0.000917s ]
INFO: [ app_end ] --START--
INFO: Run Behavior\ShowPageTraceBehavior [ RunTime:0.001087s ]
INFO: [ app_end ] --END-- [ RunTime:0.001223s ]

[ 2015-02-05T18:30:48+08:00 ] 192.168.1.30 /yms/index.php/Home/Query/query_yrz_hf/parent_id/23/uId/2
INFO: [ app_init ] --START--
INFO: Run Behavior\BuildLiteBehavior [ RunTime:0.000021s ]
INFO: [ app_init ] --END-- [ RunTime:0.000667s ]
INFO: [ app_begin ] --START--
INFO: Run Behavior\ReadHtmlCacheBehavior [ RunTime:0.000819s ]
INFO: [ app_begin ] --END-- [ RunTime:0.000908s ]
NOTIC: [8] Undefined variable: header C:\wamp\www\yms\App\Home\Controller\CallapiController.class.php 第 52 行.
NOTIC: [2] curl_setopt() [<a href='function.curl-setopt'>function.curl-setopt</a>]: You must pass either an object or an array with the CURLOPT_HTTPHEADER, CURLOPT_QUOTE, CURLOPT_HTTP200ALIASES and CURLOPT_POSTQUOTE arguments C:\wamp\www\yms\App\Home\Controller\CallapiController.class.php 第 84 行.
INFO: [ app_end ] --START--
INFO: Run Behavior\ShowPageTraceBehavior [ RunTime:0.001099s ]
INFO: [ app_end ] --END-- [ RunTime:0.001212s ]

[ 2015-02-05T18:30:48+08:00 ] 192.168.1.30 /yms/index.php/Home/Query/query_yrz_hf/parent_id/22/uId/2
INFO: [ app_init ] --START--
INFO: Run Behavior\BuildLiteBehavior [ RunTime:0.000021s ]
INFO: [ app_init ] --END-- [ RunTime:0.000605s ]
INFO: [ app_begin ] --START--
INFO: Run Behavior\ReadHtmlCacheBehavior [ RunTime:0.001057s ]
INFO: [ app_begin ] --END-- [ RunTime:0.001147s ]
NOTIC: [8] Undefined variable: header C:\wamp\www\yms\App\Home\Controller\CallapiController.class.php 第 52 行.
NOTIC: [2] curl_setopt() [<a href='function.curl-setopt'>function.curl-setopt</a>]: You must pass either an object or an array with the CURLOPT_HTTPHEADER, CURLOPT_QUOTE, CURLOPT_HTTP200ALIASES and CURLOPT_POSTQUOTE arguments C:\wamp\www\yms\App\Home\Controller\CallapiController.class.php 第 84 行.
INFO: [ app_end ] --START--
INFO: Run Behavior\ShowPageTraceBehavior [ RunTime:0.001321s ]
INFO: [ app_end ] --END-- [ RunTime:0.001441s ]

[ 2015-02-05T18:30:48+08:00 ] 192.168.1.30 /yms/index.php/Home/Query/query_yrz_hf/parent_id/20/uId/2
INFO: [ app_init ] --START--
INFO: Run Behavior\BuildLiteBehavior [ RunTime:0.000022s ]
INFO: [ app_init ] --END-- [ RunTime:0.000572s ]
INFO: [ app_begin ] --START--
INFO: Run Behavior\ReadHtmlCacheBehavior [ RunTime:0.000823s ]
INFO: [ app_begin ] --END-- [ RunTime:0.000909s ]
NOTIC: [8] Undefined variable: header C:\wamp\www\yms\App\Home\Controller\CallapiController.class.php 第 52 行.
NOTIC: [2] curl_setopt() [<a href='function.curl-setopt'>function.curl-setopt</a>]: You must pass either an object or an array with the CURLOPT_HTTPHEADER, CURLOPT_QUOTE, CURLOPT_HTTP200ALIASES and CURLOPT_POSTQUOTE arguments C:\wamp\www\yms\App\Home\Controller\CallapiController.class.php 第 84 行.
INFO: [ app_end ] --START--
INFO: Run Behavior\ShowPageTraceBehavior [ RunTime:0.001055s ]
INFO: [ app_end ] --END-- [ RunTime:0.001175s ]

[ 2015-02-05T18:30:48+08:00 ] 192.168.1.30 /yms/index.php/Home/Query/query_yrz_hf/parent_id/21/uId/2
INFO: [ app_init ] --START--
INFO: Run Behavior\BuildLiteBehavior [ RunTime:0.000019s ]
INFO: [ app_init ] --END-- [ RunTime:0.000542s ]
INFO: [ app_begin ] --START--
INFO: Run Behavior\ReadHtmlCacheBehavior [ RunTime:0.000803s ]
INFO: [ app_begin ] --END-- [ RunTime:0.000886s ]
NOTIC: [8] Undefined variable: header C:\wamp\www\yms\App\Home\Controller\CallapiController.class.php 第 52 行.
NOTIC: [2] curl_setopt() [<a href='function.curl-setopt'>function.curl-setopt</a>]: You must pass either an object or an array with the CURLOPT_HTTPHEADER, CURLOPT_QUOTE, CURLOPT_HTTP200ALIASES and CURLOPT_POSTQUOTE arguments C:\wamp\www\yms\App\Home\Controller\CallapiController.class.php 第 84 行.
INFO: [ app_end ] --START--
INFO: Run Behavior\ShowPageTraceBehavior [ RunTime:0.001056s ]
INFO: [ app_end ] --END-- [ RunTime:0.001173s ]

[ 2015-02-05T18:30:48+08:00 ] 192.168.1.30 /yms/index.php/Home/Query/query_yrz_hf/parent_id/7/uId/2
INFO: [ app_init ] --START--
INFO: Run Behavior\BuildLiteBehavior [ RunTime:0.000023s ]
INFO: [ app_init ] --END-- [ RunTime:0.000616s ]
INFO: [ app_begin ] --START--
INFO: Run Behavior\ReadHtmlCacheBehavior [ RunTime:0.000897s ]
INFO: [ app_begin ] --END-- [ RunTime:0.000988s ]
NOTIC: [8] Undefined variable: header C:\wamp\www\yms\App\Home\Controller\CallapiController.class.php 第 52 行.
NOTIC: [2] curl_setopt() [<a href='function.curl-setopt'>function.curl-setopt</a>]: You must pass either an object or an array with the CURLOPT_HTTPHEADER, CURLOPT_QUOTE, CURLOPT_HTTP200ALIASES and CURLOPT_POSTQUOTE arguments C:\wamp\www\yms\App\Home\Controller\CallapiController.class.php 第 84 行.
INFO: [ app_end ] --START--
INFO: Run Behavior\ShowPageTraceBehavior [ RunTime:0.001061s ]
INFO: [ app_end ] --END-- [ RunTime:0.001177s ]

[ 2015-02-05T18:30:49+08:00 ] 192.168.1.30 /yms/index.php/Home/Query/query_yrz/resid/2/p/undefined
INFO: [ app_init ] --START--
INFO: Run Behavior\BuildLiteBehavior [ RunTime:0.000024s ]
INFO: [ app_init ] --END-- [ RunTime:0.000623s ]
INFO: [ app_begin ] --START--
INFO: Run Behavior\ReadHtmlCacheBehavior [ RunTime:0.000942s ]
INFO: [ app_begin ] --END-- [ RunTime:0.001048s ]
NOTIC: [8] Undefined variable: header C:\wamp\www\yms\App\Home\Controller\CallapiController.class.php 第 52 行.
NOTIC: [2] curl_setopt() [<a href='function.curl-setopt'>function.curl-setopt</a>]: You must pass either an object or an array with the CURLOPT_HTTPHEADER, CURLOPT_QUOTE, CURLOPT_HTTP200ALIASES and CURLOPT_POSTQUOTE arguments C:\wamp\www\yms\App\Home\Controller\CallapiController.class.php 第 84 行.
NOTIC: [8] Undefined variable: header C:\wamp\www\yms\App\Home\Controller\CallapiController.class.php 第 52 行.
NOTIC: [2] curl_setopt() [<a href='function.curl-setopt'>function.curl-setopt</a>]: You must pass either an object or an array with the CURLOPT_HTTPHEADER, CURLOPT_QUOTE, CURLOPT_HTTP200ALIASES and CURLOPT_POSTQUOTE arguments C:\wamp\www\yms\App\Home\Controller\CallapiController.class.php 第 84 行.
NOTIC: [8] Undefined variable: header C:\wamp\www\yms\App\Home\Controller\CallapiController.class.php 第 52 行.
NOTIC: [2] curl_setopt() [<a href='function.curl-setopt'>function.curl-setopt</a>]: You must pass either an object or an array with the CURLOPT_HTTPHEADER, CURLOPT_QUOTE, CURLOPT_HTTP200ALIASES and CURLOPT_POSTQUOTE arguments C:\wamp\www\yms\App\Home\Controller\CallapiController.class.php 第 84 行.
NOTIC: [8] Undefined variable: header C:\wamp\www\yms\App\Home\Controller\CallapiController.class.php 第 52 行.
NOTIC: [2] curl_setopt() [<a href='function.curl-setopt'>function.curl-setopt</a>]: You must pass either an object or an array with the CURLOPT_HTTPHEADER, CURLOPT_QUOTE, CURLOPT_HTTP200ALIASES and CURLOPT_POSTQUOTE arguments C:\wamp\www\yms\App\Home\Controller\CallapiController.class.php 第 84 行.
NOTIC: [8] Undefined variable: page_count C:\wamp\www\yms\App\Home\Controller\BaseController.class.php 第 73 行.
INFO: [ view_parse ] --START--
INFO: [ template_filter ] --START--
INFO: Run Behavior\ContentReplaceBehavior [ RunTime:0.000606s ]
INFO: [ template_filter ] --END-- [ RunTime:0.000712s ]
NOTIC: [8] Undefined index: regulators_id_n C:\wamp\www\yms\App\Runtime\Cache\Home\1f2b1a5d5d219911818adb426540bba7.php 第 238 行.
INFO: Run Behavior\ParseTemplateBehavior [ RunTime:0.046356s ]
INFO: [ view_parse ] --END-- [ RunTime:0.046458s ]
INFO: [ view_filter ] --START--
INFO: Run Behavior\WriteHtmlCacheBehavior [ RunTime:0.000578s ]
INFO: [ view_filter ] --END-- [ RunTime:0.000674s ]
INFO: [ app_end ] --START--
INFO: Run Behavior\ShowPageTraceBehavior [ RunTime:0.001041s ]
INFO: [ app_end ] --END-- [ RunTime:0.001140s ]

[ 2015-02-05T18:30:50+08:00 ] 192.168.1.30 /yms/index.php/Home/Article/article/id/9/company_id/2/p/1/
INFO: [ app_init ] --START--
INFO: Run Behavior\BuildLiteBehavior [ RunTime:0.000025s ]
INFO: [ app_init ] --END-- [ RunTime:0.000751s ]
INFO: [ app_begin ] --START--
INFO: Run Behavior\ReadHtmlCacheBehavior [ RunTime:0.001009s ]
INFO: [ app_begin ] --END-- [ RunTime:0.001117s ]
NOTIC: [8] Undefined variable: header C:\wamp\www\yms\App\Home\Controller\CallapiController.class.php 第 52 行.
NOTIC: [2] curl_setopt() [<a href='function.curl-setopt'>function.curl-setopt</a>]: You must pass either an object or an array with the CURLOPT_HTTPHEADER, CURLOPT_QUOTE, CURLOPT_HTTP200ALIASES and CURLOPT_POSTQUOTE arguments C:\wamp\www\yms\App\Home\Controller\CallapiController.class.php 第 84 行.
NOTIC: [8] Undefined variable: header C:\wamp\www\yms\App\Home\Controller\CallapiController.class.php 第 52 行.
NOTIC: [2] curl_setopt() [<a href='function.curl-setopt'>function.curl-setopt</a>]: You must pass either an object or an array with the CURLOPT_HTTPHEADER, CURLOPT_QUOTE, CURLOPT_HTTP200ALIASES and CURLOPT_POSTQUOTE arguments C:\wamp\www\yms\App\Home\Controller\CallapiController.class.php 第 84 行.
NOTIC: [8] Undefined variable: header C:\wamp\www\yms\App\Home\Controller\CallapiController.class.php 第 52 行.
NOTIC: [2] curl_setopt() [<a href='function.curl-setopt'>function.curl-setopt</a>]: You must pass either an object or an array with the CURLOPT_HTTPHEADER, CURLOPT_QUOTE, CURLOPT_HTTP200ALIASES and CURLOPT_POSTQUOTE arguments C:\wamp\www\yms\App\Home\Controller\CallapiController.class.php 第 84 行.
NOTIC: [8] Undefined variable: page_count C:\wamp\www\yms\App\Home\Controller\BaseController.class.php 第 73 行.
INFO: [ view_parse ] --START--
INFO: [ template_filter ] --START--
INFO: Run Behavior\ContentReplaceBehavior [ RunTime:0.000298s ]
INFO: [ template_filter ] --END-- [ RunTime:0.000408s ]
INFO: Run Behavior\ParseTemplateBehavior [ RunTime:0.023933s ]
INFO: [ view_parse ] --END-- [ RunTime:0.024049s ]
INFO: [ view_filter ] --START--
INFO: Run Behavior\WriteHtmlCacheBehavior [ RunTime:0.000546s ]
INFO: [ view_filter ] --END-- [ RunTime:0.000640s ]
INFO: [ app_end ] --START--
INFO: Run Behavior\ShowPageTraceBehavior [ RunTime:0.001075s ]
INFO: [ app_end ] --END-- [ RunTime:0.001174s ]

[ 2015-02-05T18:31:11+08:00 ] 192.168.1.30 /yms/index.php/Home/Article/article/id/6/company_id/2/p/1/
INFO: [ app_init ] --START--
INFO: Run Behavior\BuildLiteBehavior [ RunTime:0.000024s ]
INFO: [ app_init ] --END-- [ RunTime:0.000746s ]
INFO: [ app_begin ] --START--
INFO: Run Behavior\ReadHtmlCacheBehavior [ RunTime:0.001018s ]
INFO: [ app_begin ] --END-- [ RunTime:0.001127s ]
NOTIC: [8] Undefined variable: header C:\wamp\www\yms\App\Home\Controller\CallapiController.class.php 第 52 行.
NOTIC: [2] curl_setopt() [<a href='function.curl-setopt'>function.curl-setopt</a>]: You must pass either an object or an array with the CURLOPT_HTTPHEADER, CURLOPT_QUOTE, CURLOPT_HTTP200ALIASES and CURLOPT_POSTQUOTE arguments C:\wamp\www\yms\App\Home\Controller\CallapiController.class.php 第 84 行.
NOTIC: [8] Undefined variable: header C:\wamp\www\yms\App\Home\Controller\CallapiController.class.php 第 52 行.
NOTIC: [2] curl_setopt() [<a href='function.curl-setopt'>function.curl-setopt</a>]: You must pass either an object or an array with the CURLOPT_HTTPHEADER, CURLOPT_QUOTE, CURLOPT_HTTP200ALIASES and CURLOPT_POSTQUOTE arguments C:\wamp\www\yms\App\Home\Controller\CallapiController.class.php 第 84 行.
NOTIC: [8] Undefined variable: header C:\wamp\www\yms\App\Home\Controller\CallapiController.class.php 第 52 行.
NOTIC: [2] curl_setopt() [<a href='function.curl-setopt'>function.curl-setopt</a>]: You must pass either an object or an array with the CURLOPT_HTTPHEADER, CURLOPT_QUOTE, CURLOPT_HTTP200ALIASES and CURLOPT_POSTQUOTE arguments C:\wamp\www\yms\App\Home\Controller\CallapiController.class.php 第 84 行.
NOTIC: [8] Undefined variable: page_count C:\wamp\www\yms\App\Home\Controller\BaseController.class.php 第 73 行.
INFO: [ view_parse ] --START--
INFO: [ template_filter ] --START--
INFO: Run Behavior\ContentReplaceBehavior [ RunTime:0.000295s ]
INFO: [ template_filter ] --END-- [ RunTime:0.000398s ]
INFO: Run Behavior\ParseTemplateBehavior [ RunTime:0.023820s ]
INFO: [ view_parse ] --END-- [ RunTime:0.023934s ]
INFO: [ view_filter ] --START--
INFO: Run Behavior\WriteHtmlCacheBehavior [ RunTime:0.000572s ]
INFO: [ view_filter ] --END-- [ RunTime:0.000668s ]
INFO: [ app_end ] --START--
INFO: Run Behavior\ShowPageTraceBehavior [ RunTime:0.001048s ]
INFO: [ app_end ] --END-- [ RunTime:0.001146s ]

[ 2015-02-05T18:31:30+08:00 ] 192.168.1.30 /yms/index.php/Home/Article/article/id/6/company_id/2/p/1/
INFO: [ app_init ] --START--
INFO: Run Behavior\BuildLiteBehavior [ RunTime:0.000024s ]
INFO: [ app_init ] --END-- [ RunTime:0.000747s ]
INFO: [ app_begin ] --START--
INFO: Run Behavior\ReadHtmlCacheBehavior [ RunTime:0.000951s ]
INFO: [ app_begin ] --END-- [ RunTime:0.001057s ]
NOTIC: [8] Undefined variable: header C:\wamp\www\yms\App\Home\Controller\CallapiController.class.php 第 52 行.
NOTIC: [2] curl_setopt() [<a href='function.curl-setopt'>function.curl-setopt</a>]: You must pass either an object or an array with the CURLOPT_HTTPHEADER, CURLOPT_QUOTE, CURLOPT_HTTP200ALIASES and CURLOPT_POSTQUOTE arguments C:\wamp\www\yms\App\Home\Controller\CallapiController.class.php 第 84 行.
NOTIC: [8] Undefined variable: header C:\wamp\www\yms\App\Home\Controller\CallapiController.class.php 第 52 行.
NOTIC: [2] curl_setopt() [<a href='function.curl-setopt'>function.curl-setopt</a>]: You must pass either an object or an array with the CURLOPT_HTTPHEADER, CURLOPT_QUOTE, CURLOPT_HTTP200ALIASES and CURLOPT_POSTQUOTE arguments C:\wamp\www\yms\App\Home\Controller\CallapiController.class.php 第 84 行.
NOTIC: [8] Undefined variable: header C:\wamp\www\yms\App\Home\Controller\CallapiController.class.php 第 52 行.
NOTIC: [2] curl_setopt() [<a href='function.curl-setopt'>function.curl-setopt</a>]: You must pass either an object or an array with the CURLOPT_HTTPHEADER, CURLOPT_QUOTE, CURLOPT_HTTP200ALIASES and CURLOPT_POSTQUOTE arguments C:\wamp\www\yms\App\Home\Controller\CallapiController.class.php 第 84 行.
NOTIC: [8] Undefined variable: page_count C:\wamp\www\yms\App\Home\Controller\BaseController.class.php 第 73 行.
INFO: [ view_parse ] --START--
INFO: [ template_filter ] --START--
INFO: Run Behavior\ContentReplaceBehavior [ RunTime:0.000293s ]
INFO: [ template_filter ] --END-- [ RunTime:0.000401s ]
INFO: Run Behavior\ParseTemplateBehavior [ RunTime:0.025642s ]
INFO: [ view_parse ] --END-- [ RunTime:0.025750s ]
INFO: [ view_filter ] --START--
INFO: Run Behavior\WriteHtmlCacheBehavior [ RunTime:0.000722s ]
INFO: [ view_filter ] --END-- [ RunTime:0.000806s ]
INFO: [ app_end ] --START--
INFO: Run Behavior\ShowPageTraceBehavior [ RunTime:0.000936s ]
INFO: [ app_end ] --END-- [ RunTime:0.001023s ]

[ 2015-02-05T18:35:46+08:00 ] 192.168.1.69 /yms/index.php/Home/Query/query_wrz/resid/2/p/1.html
INFO: [ app_init ] --START--
INFO: Run Behavior\BuildLiteBehavior [ RunTime:0.000024s ]
INFO: [ app_init ] --END-- [ RunTime:0.000800s ]
INFO: [ app_begin ] --START--
INFO: Run Behavior\ReadHtmlCacheBehavior [ RunTime:0.001244s ]
INFO: [ app_begin ] --END-- [ RunTime:0.001354s ]
NOTIC: [8] Undefined variable: header C:\wamp\www\yms\App\Home\Controller\CallapiController.class.php 第 52 行.
NOTIC: [2] curl_setopt() [<a href='function.curl-setopt'>function.curl-setopt</a>]: You must pass either an object or an array with the CURLOPT_HTTPHEADER, CURLOPT_QUOTE, CURLOPT_HTTP200ALIASES and CURLOPT_POSTQUOTE arguments C:\wamp\www\yms\App\Home\Controller\CallapiController.class.php 第 84 行.
NOTIC: [8] Undefined variable: header C:\wamp\www\yms\App\Home\Controller\CallapiController.class.php 第 52 行.
NOTIC: [2] curl_setopt() [<a href='function.curl-setopt'>function.curl-setopt</a>]: You must pass either an object or an array with the CURLOPT_HTTPHEADER, CURLOPT_QUOTE, CURLOPT_HTTP200ALIASES and CURLOPT_POSTQUOTE arguments C:\wamp\www\yms\App\Home\Controller\CallapiController.class.php 第 84 行.
NOTIC: [8] Undefined variable: header C:\wamp\www\yms\App\Home\Controller\CallapiController.class.php 第 52 行.
NOTIC: [2] curl_setopt() [<a href='function.curl-setopt'>function.curl-setopt</a>]: You must pass either an object or an array with the CURLOPT_HTTPHEADER, CURLOPT_QUOTE, CURLOPT_HTTP200ALIASES and CURLOPT_POSTQUOTE arguments C:\wamp\www\yms\App\Home\Controller\CallapiController.class.php 第 84 行.
NOTIC: [8] Undefined variable: header C:\wamp\www\yms\App\Home\Controller\CallapiController.class.php 第 52 行.
NOTIC: [2] curl_setopt() [<a href='function.curl-setopt'>function.curl-setopt</a>]: You must pass either an object or an array with the CURLOPT_HTTPHEADER, CURLOPT_QUOTE, CURLOPT_HTTP200ALIASES and CURLOPT_POSTQUOTE arguments C:\wamp\www\yms\App\Home\Controller\CallapiController.class.php 第 84 行.
NOTIC: [8] Undefined variable: page_count C:\wamp\www\yms\App\Home\Controller\BaseController.class.php 第 73 行.
NOTIC: [8] Undefined variable: header C:\wamp\www\yms\App\Home\Controller\CallapiController.class.php 第 52 行.
NOTIC: [2] curl_setopt() [<a href='function.curl-setopt'>function.curl-setopt</a>]: You must pass either an object or an array with the CURLOPT_HTTPHEADER, CURLOPT_QUOTE, CURLOPT_HTTP200ALIASES and CURLOPT_POSTQUOTE arguments C:\wamp\www\yms\App\Home\Controller\CallapiController.class.php 第 84 行.
NOTIC: [8] Undefined variable: page_count C:\wamp\www\yms\App\Home\Controller\BaseController.class.php 第 82 行.
INFO: [ view_parse ] --START--
INFO: [ template_filter ] --START--
INFO: Run Behavior\ContentReplaceBehavior [ RunTime:0.000704s ]
INFO: [ template_filter ] --END-- [ RunTime:0.000812s ]
NOTIC: [8] Undefined variable: aaa C:\wamp\www\yms\App\Runtime\Cache\Home\095db809372f8e1f6254e4796f30fdef.php 第 129 行.
NOTIC: [8] Undefined index: regulators_id_n C:\wamp\www\yms\App\Runtime\Cache\Home\095db809372f8e1f6254e4796f30fdef.php 第 240 行.
NOTIC: [8] Undefined index: is_anonymous C:\wamp\www\yms\App\Runtime\Cache\Home\095db809372f8e1f6254e4796f30fdef.php 第 385 行.
INFO: Run Behavior\ParseTemplateBehavior [ RunTime:0.060804s ]
INFO: [ view_parse ] --END-- [ RunTime:0.060907s ]
INFO: [ view_filter ] --START--
INFO: Run Behavior\WriteHtmlCacheBehavior [ RunTime:0.000754s ]
INFO: [ view_filter ] --END-- [ RunTime:0.000840s ]
INFO: [ app_end ] --START--
INFO: Run Behavior\ShowPageTraceBehavior [ RunTime:0.001115s ]
INFO: [ app_end ] --END-- [ RunTime:0.001204s ]

[ 2015-02-05T18:35:47+08:00 ] 192.168.1.69 /yms/index.php/Home/Query/verify_c
INFO: [ app_init ] --START--
INFO: Run Behavior\BuildLiteBehavior [ RunTime:0.000021s ]
INFO: [ app_init ] --END-- [ RunTime:0.000706s ]
INFO: [ app_begin ] --START--
INFO: Run Behavior\ReadHtmlCacheBehavior [ RunTime:0.001022s ]
INFO: [ app_begin ] --END-- [ RunTime:0.001112s ]
INFO: [ app_end ] --START--
INFO: Run Behavior\ShowPageTraceBehavior [ RunTime:0.001130s ]
INFO: [ app_end ] --END-- [ RunTime:0.001254s ]

[ 2015-02-05T18:35:47+08:00 ] 192.168.1.69 /yms/index.php/Home/Query/query_yrz_hf/parent_id/20/uId/2
INFO: [ app_init ] --START--
INFO: Run Behavior\BuildLiteBehavior [ RunTime:0.000023s ]
INFO: [ app_init ] --END-- [ RunTime:0.000685s ]
INFO: [ app_begin ] --START--
INFO: Run Behavior\ReadHtmlCacheBehavior [ RunTime:0.001096s ]
INFO: [ app_begin ] --END-- [ RunTime:0.001190s ]
NOTIC: [8] Undefined variable: header C:\wamp\www\yms\App\Home\Controller\CallapiController.class.php 第 52 行.
NOTIC: [2] curl_setopt() [<a href='function.curl-setopt'>function.curl-setopt</a>]: You must pass either an object or an array with the CURLOPT_HTTPHEADER, CURLOPT_QUOTE, CURLOPT_HTTP200ALIASES and CURLOPT_POSTQUOTE arguments C:\wamp\www\yms\App\Home\Controller\CallapiController.class.php 第 84 行.
INFO: [ app_end ] --START--
INFO: Run Behavior\ShowPageTraceBehavior [ RunTime:0.001185s ]
INFO: [ app_end ] --END-- [ RunTime:0.001303s ]

[ 2015-02-05T18:35:47+08:00 ] 192.168.1.69 /yms/index.php/Home/Query/query_yrz_hf/parent_id/7/uId/2
INFO: [ app_init ] --START--
INFO: Run Behavior\BuildLiteBehavior [ RunTime:0.000021s ]
INFO: [ app_init ] --END-- [ RunTime:0.000605s ]
INFO: [ app_begin ] --START--
INFO: Run Behavior\ReadHtmlCacheBehavior [ RunTime:0.000942s ]
INFO: [ app_begin ] --END-- [ RunTime:0.001026s ]
NOTIC: [8] Undefined variable: header C:\wamp\www\yms\App\Home\Controller\CallapiController.class.php 第 52 行.
NOTIC: [2] curl_setopt() [<a href='function.curl-setopt'>function.curl-setopt</a>]: You must pass either an object or an array with the CURLOPT_HTTPHEADER, CURLOPT_QUOTE, CURLOPT_HTTP200ALIASES and CURLOPT_POSTQUOTE arguments C:\wamp\www\yms\App\Home\Controller\CallapiController.class.php 第 84 行.
INFO: [ app_end ] --START--
INFO: Run Behavior\ShowPageTraceBehavior [ RunTime:0.001187s ]
INFO: [ app_end ] --END-- [ RunTime:0.001305s ]

[ 2015-02-05T18:35:47+08:00 ] 192.168.1.69 /yms/index.php/Home/Query/query_yrz_hf/parent_id/22/uId/2
INFO: [ app_init ] --START--
INFO: Run Behavior\BuildLiteBehavior [ RunTime:0.000022s ]
INFO: [ app_init ] --END-- [ RunTime:0.000640s ]
INFO: [ app_begin ] --START--
INFO: Run Behavior\ReadHtmlCacheBehavior [ RunTime:0.001884s ]
INFO: [ app_begin ] --END-- [ RunTime:0.001972s ]
NOTIC: [8] Undefined variable: header C:\wamp\www\yms\App\Home\Controller\CallapiController.class.php 第 52 行.
NOTIC: [2] curl_setopt() [<a href='function.curl-setopt'>function.curl-setopt</a>]: You must pass either an object or an array with the CURLOPT_HTTPHEADER, CURLOPT_QUOTE, CURLOPT_HTTP200ALIASES and CURLOPT_POSTQUOTE arguments C:\wamp\www\yms\App\Home\Controller\CallapiController.class.php 第 84 行.
INFO: [ app_end ] --START--
INFO: Run Behavior\ShowPageTraceBehavior [ RunTime:0.001181s ]
INFO: [ app_end ] --END-- [ RunTime:0.001298s ]

[ 2015-02-05T18:35:47+08:00 ] 192.168.1.69 /yms/index.php/Home/Query/query_yrz_hf/parent_id/21/uId/2
INFO: [ app_init ] --START--
INFO: Run Behavior\BuildLiteBehavior [ RunTime:0.000019s ]
INFO: [ app_init ] --END-- [ RunTime:0.000600s ]
INFO: [ app_begin ] --START--
INFO: Run Behavior\ReadHtmlCacheBehavior [ RunTime:0.000949s ]
INFO: [ app_begin ] --END-- [ RunTime:0.001035s ]
NOTIC: [8] Undefined variable: header C:\wamp\www\yms\App\Home\Controller\CallapiController.class.php 第 52 行.
NOTIC: [2] curl_setopt() [<a href='function.curl-setopt'>function.curl-setopt</a>]: You must pass either an object or an array with the CURLOPT_HTTPHEADER, CURLOPT_QUOTE, CURLOPT_HTTP200ALIASES and CURLOPT_POSTQUOTE arguments C:\wamp\www\yms\App\Home\Controller\CallapiController.class.php 第 84 行.
INFO: [ app_end ] --START--
INFO: Run Behavior\ShowPageTraceBehavior [ RunTime:0.001184s ]
INFO: [ app_end ] --END-- [ RunTime:0.001299s ]

[ 2015-02-05T18:35:47+08:00 ] 192.168.1.69 /yms/index.php/Home/Query/query_yrz_hf/parent_id/33/uId/2
INFO: [ app_init ] --START--
INFO: Run Behavior\BuildLiteBehavior [ RunTime:0.000020s ]
INFO: [ app_init ] --END-- [ RunTime:0.000549s ]
INFO: [ app_begin ] --START--
INFO: Run Behavior\ReadHtmlCacheBehavior [ RunTime:0.000851s ]
INFO: [ app_begin ] --END-- [ RunTime:0.000940s ]
NOTIC: [8] Undefined variable: header C:\wamp\www\yms\App\Home\Controller\CallapiController.class.php 第 52 行.
NOTIC: [2] curl_setopt() [<a href='function.curl-setopt'>function.curl-setopt</a>]: You must pass either an object or an array with the CURLOPT_HTTPHEADER, CURLOPT_QUOTE, CURLOPT_HTTP200ALIASES and CURLOPT_POSTQUOTE arguments C:\wamp\www\yms\App\Home\Controller\CallapiController.class.php 第 84 行.
INFO: [ app_end ] --START--
INFO: Run Behavior\ShowPageTraceBehavior [ RunTime:0.001064s ]
INFO: [ app_end ] --END-- [ RunTime:0.001181s ]

[ 2015-02-05T18:35:47+08:00 ] 192.168.1.69 /yms/index.php/Home/Query/query_yrz_hf/parent_id/23/uId/2
INFO: [ app_init ] --START--
INFO: Run Behavior\BuildLiteBehavior [ RunTime:0.000021s ]
INFO: [ app_init ] --END-- [ RunTime:0.000610s ]
INFO: [ app_begin ] --START--
INFO: Run Behavior\ReadHtmlCacheBehavior [ RunTime:0.001022s ]
INFO: [ app_begin ] --END-- [ RunTime:0.001110s ]
NOTIC: [8] Undefined variable: header C:\wamp\www\yms\App\Home\Controller\CallapiController.class.php 第 52 行.
NOTIC: [2] curl_setopt() [<a href='function.curl-setopt'>function.curl-setopt</a>]: You must pass either an object or an array with the CURLOPT_HTTPHEADER, CURLOPT_QUOTE, CURLOPT_HTTP200ALIASES and CURLOPT_POSTQUOTE arguments C:\wamp\www\yms\App\Home\Controller\CallapiController.class.php 第 84 行.
INFO: [ app_end ] --START--
INFO: Run Behavior\ShowPageTraceBehavior [ RunTime:0.001260s ]
INFO: [ app_end ] --END-- [ RunTime:0.001368s ]

[ 2015-02-05T18:35:47+08:00 ] 192.168.1.69 /yms/index.php/Home/Query/query_wybg_hf/exposal_id/8
INFO: [ app_init ] --START--
INFO: Run Behavior\BuildLiteBehavior [ RunTime:0.000024s ]
INFO: [ app_init ] --END-- [ RunTime:0.000619s ]
INFO: [ app_begin ] --START--
INFO: Run Behavior\ReadHtmlCacheBehavior [ RunTime:0.000921s ]
INFO: [ app_begin ] --END-- [ RunTime:0.001022s ]
NOTIC: [8] Undefined variable: header C:\wamp\www\yms\App\Home\Controller\CallapiController.class.php 第 52 行.
NOTIC: [2] curl_setopt() [<a href='function.curl-setopt'>function.curl-setopt</a>]: You must pass either an object or an array with the CURLOPT_HTTPHEADER, CURLOPT_QUOTE, CURLOPT_HTTP200ALIASES and CURLOPT_POSTQUOTE arguments C:\wamp\www\yms\App\Home\Controller\CallapiController.class.php 第 84 行.
INFO: [ app_end ] --START--
INFO: Run Behavior\ShowPageTraceBehavior [ RunTime:0.001059s ]
INFO: [ app_end ] --END-- [ RunTime:0.001176s ]

[ 2015-02-05T18:35:48+08:00 ] 192.168.1.69 /yms/index.php/Home/Query/query_wrz/resid/2/p/undefined
INFO: [ app_init ] --START--
INFO: Run Behavior\BuildLiteBehavior [ RunTime:0.000024s ]
INFO: [ app_init ] --END-- [ RunTime:0.000627s ]
INFO: [ app_begin ] --START--
INFO: Run Behavior\ReadHtmlCacheBehavior [ RunTime:0.000899s ]
INFO: [ app_begin ] --END-- [ RunTime:0.001001s ]
NOTIC: [8] Undefined variable: header C:\wamp\www\yms\App\Home\Controller\CallapiController.class.php 第 52 行.
NOTIC: [2] curl_setopt() [<a href='function.curl-setopt'>function.curl-setopt</a>]: You must pass either an object or an array with the CURLOPT_HTTPHEADER, CURLOPT_QUOTE, CURLOPT_HTTP200ALIASES and CURLOPT_POSTQUOTE arguments C:\wamp\www\yms\App\Home\Controller\CallapiController.class.php 第 84 行.
NOTIC: [8] Undefined variable: header C:\wamp\www\yms\App\Home\Controller\CallapiController.class.php 第 52 行.
NOTIC: [2] curl_setopt() [<a href='function.curl-setopt'>function.curl-setopt</a>]: You must pass either an object or an array with the CURLOPT_HTTPHEADER, CURLOPT_QUOTE, CURLOPT_HTTP200ALIASES and CURLOPT_POSTQUOTE arguments C:\wamp\www\yms\App\Home\Controller\CallapiController.class.php 第 84 行.
NOTIC: [8] Undefined variable: header C:\wamp\www\yms\App\Home\Controller\CallapiController.class.php 第 52 行.
NOTIC: [2] curl_setopt() [<a href='function.curl-setopt'>function.curl-setopt</a>]: You must pass either an object or an array with the CURLOPT_HTTPHEADER, CURLOPT_QUOTE, CURLOPT_HTTP200ALIASES and CURLOPT_POSTQUOTE arguments C:\wamp\www\yms\App\Home\Controller\CallapiController.class.php 第 84 行.
NOTIC: [8] Undefined variable: header C:\wamp\www\yms\App\Home\Controller\CallapiController.class.php 第 52 行.
NOTIC: [2] curl_setopt() [<a href='function.curl-setopt'>function.curl-setopt</a>]: You must pass either an object or an array with the CURLOPT_HTTPHEADER, CURLOPT_QUOTE, CURLOPT_HTTP200ALIASES and CURLOPT_POSTQUOTE arguments C:\wamp\www\yms\App\Home\Controller\CallapiController.class.php 第 84 行.
NOTIC: [8] Undefined variable: page_count C:\wamp\www\yms\App\Home\Controller\BaseController.class.php 第 73 行.
NOTIC: [8] Undefined variable: header C:\wamp\www\yms\App\Home\Controller\CallapiController.class.php 第 52 行.
NOTIC: [2] curl_setopt() [<a href='function.curl-setopt'>function.curl-setopt</a>]: You must pass either an object or an array with the CURLOPT_HTTPHEADER, CURLOPT_QUOTE, CURLOPT_HTTP200ALIASES and CURLOPT_POSTQUOTE arguments C:\wamp\www\yms\App\Home\Controller\CallapiController.class.php 第 84 行.
NOTIC: [8] Undefined variable: page_count C:\wamp\www\yms\App\Home\Controller\BaseController.class.php 第 82 行.
INFO: [ view_parse ] --START--
INFO: [ template_filter ] --START--
INFO: Run Behavior\ContentReplaceBehavior [ RunTime:0.000739s ]
INFO: [ template_filter ] --END-- [ RunTime:0.000843s ]
NOTIC: [8] Undefined variable: aaa C:\wamp\www\yms\App\Runtime\Cache\Home\095db809372f8e1f6254e4796f30fdef.php 第 129 行.
NOTIC: [8] Undefined index: regulators_id_n C:\wamp\www\yms\App\Runtime\Cache\Home\095db809372f8e1f6254e4796f30fdef.php 第 240 行.
NOTIC: [8] Undefined index: is_anonymous C:\wamp\www\yms\App\Runtime\Cache\Home\095db809372f8e1f6254e4796f30fdef.php 第 385 行.
INFO: Run Behavior\ParseTemplateBehavior [ RunTime:0.059185s ]
INFO: [ view_parse ] --END-- [ RunTime:0.059290s ]
INFO: [ view_filter ] --START--
INFO: Run Behavior\WriteHtmlCacheBehavior [ RunTime:0.000619s ]
INFO: [ view_filter ] --END-- [ RunTime:0.000709s ]
INFO: [ app_end ] --START--
INFO: Run Behavior\ShowPageTraceBehavior [ RunTime:0.000943s ]
INFO: [ app_end ] --END-- [ RunTime:0.001035s ]

